{
  "stats": {
    "suites": 12,
    "tests": 41,
    "passes": 24,
    "pending": 0,
    "failures": 17,
    "start": "2022-04-23T19:58:39.040Z",
    "end": "2022-04-23T20:00:11.218Z",
    "duration": 92178,
    "testsRegistered": 41,
    "passPercent": 58.536585365853654,
    "pendingPercent": 0,
    "other": 0,
    "hasOther": false,
    "skipped": 0,
    "hasSkipped": false
  },
  "results": [
    {
      "uuid": "8b83b183-2091-4d14-b848-b8c60ec9a4e0",
      "title": "",
      "fullFile": "cypress/integration/project.spec.js",
      "file": "cypress/integration/project.spec.js",
      "beforeHooks": [],
      "afterHooks": [],
      "tests": [],
      "suites": [
        {
          "uuid": "1f7fb7c4-7663-4284-850e-2cd6cdacc100",
          "title": "1 - Adicione à página o título \"Paleta de Cores\".",
          "fullFile": "",
          "file": "",
          "beforeHooks": [],
          "afterHooks": [],
          "tests": [
            {
              "title": "Verifica se contém um elemento `h1` com o id `title` com o título correto",
              "fullTitle": "1 - Adicione à página o título \"Paleta de Cores\". Verifica se contém um elemento `h1` com o id `title` com o título correto",
              "timedOut": null,
              "duration": 1752,
              "state": "passed",
              "speed": "slow",
              "pass": true,
              "fail": false,
              "pending": false,
              "context": null,
              "code": "cy.get('h1#title').should('contain.text', 'Paleta de Cores');",
              "err": {},
              "uuid": "14a27de4-9c2d-4e44-8850-8c9cd4a57623",
              "parentUUID": "1f7fb7c4-7663-4284-850e-2cd6cdacc100",
              "isHook": false,
              "skipped": false
            }
          ],
          "suites": [],
          "passes": [
            "14a27de4-9c2d-4e44-8850-8c9cd4a57623"
          ],
          "failures": [],
          "pending": [],
          "skipped": [],
          "duration": 1752,
          "root": false,
          "rootEmpty": false,
          "_timeout": 2000
        },
        {
          "uuid": "002e8bfe-44a6-41a9-8c52-3e8a86f9153c",
          "title": "2 - Adicione à página uma paleta de quatro cores distintas.",
          "fullFile": "",
          "file": "",
          "beforeHooks": [],
          "afterHooks": [],
          "tests": [
            {
              "title": "A paleta de cores deve ser um elemento com `id` denominado `color-palette` e ter mais de 0px de altura e de largura.",
              "fullTitle": "2 - Adicione à página uma paleta de quatro cores distintas. A paleta de cores deve ser um elemento com `id` denominado `color-palette` e ter mais de 0px de altura e de largura.",
              "timedOut": null,
              "duration": 155,
              "state": "passed",
              "speed": "slow",
              "pass": true,
              "fail": false,
              "pending": false,
              "context": null,
              "code": "cy.get('#color-palette').should('be.visible');\ncy.get('#color-palette').children('.color');",
              "err": {},
              "uuid": "de416d00-392a-4baf-8e5a-37e21de1b454",
              "parentUUID": "002e8bfe-44a6-41a9-8c52-3e8a86f9153c",
              "isHook": false,
              "skipped": false
            },
            {
              "title": "Verifica se cada cor individual da paleta de cores possui a `classe` chamada `color`.",
              "fullTitle": "2 - Adicione à página uma paleta de quatro cores distintas. Verifica se cada cor individual da paleta de cores possui a `classe` chamada `color`.",
              "timedOut": null,
              "duration": 192,
              "state": "passed",
              "speed": "slow",
              "pass": true,
              "fail": false,
              "pending": false,
              "context": null,
              "code": "cy.get('.color').should('have.length', 4).then(function (colors) {\n  for (var i = 0; i < colors.length; i++) {\n    cy.wrap(colors[i]).should('be.visible');\n  }\n});",
              "err": {},
              "uuid": "bf0a634a-1b3e-44ea-9824-24de39952960",
              "parentUUID": "002e8bfe-44a6-41a9-8c52-3e8a86f9153c",
              "isHook": false,
              "skipped": false
            },
            {
              "title": "Verifica se a cor de fundo de cada elemento da paleta é a cor que o elemento representa. **A única cor não permitida na paleta é a cor branca.**",
              "fullTitle": "2 - Adicione à página uma paleta de quatro cores distintas. Verifica se a cor de fundo de cada elemento da paleta é a cor que o elemento representa. **A única cor não permitida na paleta é a cor branca.**",
              "timedOut": null,
              "duration": 202,
              "state": "passed",
              "speed": "slow",
              "pass": true,
              "fail": false,
              "pending": false,
              "context": null,
              "code": "cy.get('.color').each(function (color) {\n  cy.wrap(color).should('have.class', 'color').and('not.have.css', 'background-color', WHITE);\n  cy.wrap(color).should('have.css', 'background-color');\n});",
              "err": {},
              "uuid": "816d8027-1fb9-4d0d-9e27-90e98a2bd3be",
              "parentUUID": "002e8bfe-44a6-41a9-8c52-3e8a86f9153c",
              "isHook": false,
              "skipped": false
            },
            {
              "title": "Verifica se cada elemento da paleta de cores tem uma borda preta, sólida e com 1 pixel de largura;",
              "fullTitle": "2 - Adicione à página uma paleta de quatro cores distintas. Verifica se cada elemento da paleta de cores tem uma borda preta, sólida e com 1 pixel de largura;",
              "timedOut": null,
              "duration": 147,
              "state": "passed",
              "speed": "slow",
              "pass": true,
              "fail": false,
              "pending": false,
              "context": null,
              "code": "cy.get('.color').each(function (color) {\n  cy.wrap(color).and('have.css', 'border', \"1px solid \".concat(BLACK)).and('have.class', 'color');\n});",
              "err": {},
              "uuid": "e3676a32-87f9-4e52-8aaf-8d1452576c3b",
              "parentUUID": "002e8bfe-44a6-41a9-8c52-3e8a86f9153c",
              "isHook": false,
              "skipped": false
            },
            {
              "title": "Verifica se a paleta lista todas as cores disponíveis para utilização, lado a lado.",
              "fullTitle": "2 - Adicione à página uma paleta de quatro cores distintas. Verifica se a paleta lista todas as cores disponíveis para utilização, lado a lado.",
              "timedOut": null,
              "duration": 150,
              "state": "passed",
              "speed": "slow",
              "pass": true,
              "fail": false,
              "pending": false,
              "context": null,
              "code": "cy.get('.color').then(function (colors) {\n  for (var index = 1; index < colors.length; index += 1) {\n    var currentColor = colors[index];\n    var previousColor = colors[index - 1];\n    cy.wrap(currentColor).should('be.onTheRightOf', previousColor).and('be.horizontallyAlignedWith', previousColor);\n  }\n});",
              "err": {},
              "uuid": "e0ef5f3f-3729-4713-b732-ffd8c2aa2445",
              "parentUUID": "002e8bfe-44a6-41a9-8c52-3e8a86f9153c",
              "isHook": false,
              "skipped": false
            },
            {
              "title": "Verifica se a paleta de cores está posicionada abaixo do título 'Paleta de Cores'",
              "fullTitle": "2 - Adicione à página uma paleta de quatro cores distintas. Verifica se a paleta de cores está posicionada abaixo do título 'Paleta de Cores'",
              "timedOut": null,
              "duration": 153,
              "state": "passed",
              "speed": "slow",
              "pass": true,
              "fail": false,
              "pending": false,
              "context": null,
              "code": "cy.get('h1#title').then(function (title) {\n  cy.get('#color-palette').should('be.belowOf', title);\n});",
              "err": {},
              "uuid": "2a3aebdf-a966-47d6-9737-c42363a237e9",
              "parentUUID": "002e8bfe-44a6-41a9-8c52-3e8a86f9153c",
              "isHook": false,
              "skipped": false
            },
            {
              "title": "Verifica se a paleta de cores não contém cores repetidas.",
              "fullTitle": "2 - Adicione à página uma paleta de quatro cores distintas. Verifica se a paleta de cores não contém cores repetidas.",
              "timedOut": null,
              "duration": 137,
              "state": "passed",
              "speed": "slow",
              "pass": true,
              "fail": false,
              "pending": false,
              "context": null,
              "code": "cy.get('.color').then(function (colors) {\n  var allColors = Array.from(colors).map(function (color) {\n    return Cypress.$(color).css('background-color');\n  });\n  cy.log(allColors);\n  var uniqColors = (0, _toConsumableArray2[\"default\"])(new Set(allColors));\n  cy.log(uniqColors);\n  expect(allColors.length).to.eq(uniqColors.length);\n});",
              "err": {},
              "uuid": "b2c86c3e-b825-4e16-97fb-1939d32efbee",
              "parentUUID": "002e8bfe-44a6-41a9-8c52-3e8a86f9153c",
              "isHook": false,
              "skipped": false
            }
          ],
          "suites": [],
          "passes": [
            "de416d00-392a-4baf-8e5a-37e21de1b454",
            "bf0a634a-1b3e-44ea-9824-24de39952960",
            "816d8027-1fb9-4d0d-9e27-90e98a2bd3be",
            "e3676a32-87f9-4e52-8aaf-8d1452576c3b",
            "e0ef5f3f-3729-4713-b732-ffd8c2aa2445",
            "2a3aebdf-a966-47d6-9737-c42363a237e9",
            "b2c86c3e-b825-4e16-97fb-1939d32efbee"
          ],
          "failures": [],
          "pending": [],
          "skipped": [],
          "duration": 1136,
          "root": false,
          "rootEmpty": false,
          "_timeout": 2000
        },
        {
          "uuid": "915726fa-831f-48f7-a21b-b3c85d5fb093",
          "title": "3 - Adicione a cor **preta** como a primeira cor da paleta de cores.",
          "fullFile": "",
          "file": "",
          "beforeHooks": [],
          "afterHooks": [],
          "tests": [
            {
              "title": "Verifica se a primeira cor da paleta é preta",
              "fullTitle": "3 - Adicione a cor **preta** como a primeira cor da paleta de cores. Verifica se a primeira cor da paleta é preta",
              "timedOut": null,
              "duration": 129,
              "state": "passed",
              "speed": "slow",
              "pass": true,
              "fail": false,
              "pending": false,
              "context": null,
              "code": "cy.get('.color').first().should('have.css', 'background-color', BLACK);",
              "err": {},
              "uuid": "538ff139-f27e-4903-9614-9cfac2462002",
              "parentUUID": "915726fa-831f-48f7-a21b-b3c85d5fb093",
              "isHook": false,
              "skipped": false
            },
            {
              "title": "Verifica se as demais cores podem ser escolhidas livremente.",
              "fullTitle": "3 - Adicione a cor **preta** como a primeira cor da paleta de cores. Verifica se as demais cores podem ser escolhidas livremente.",
              "timedOut": null,
              "duration": 308,
              "state": "passed",
              "speed": "slow",
              "pass": true,
              "fail": false,
              "pending": false,
              "context": null,
              "code": "cy.get('.color').eq(1).should('not.have.css', 'background-color', BLACK);\ncy.get('.color').eq(1).should('not.have.css', 'background-color', WHITE);\ncy.get('.color').eq(1).should('not.have.css', 'background-color', 'rgba(0, 0, 0, 0)');\ncy.get('.color').eq(1).should('have.css', 'background-color');\ncy.get('.color').eq(2).should('not.have.css', 'background-color', BLACK);\ncy.get('.color').eq(2).should('not.have.css', 'background-color', WHITE);\ncy.get('.color').eq(2).should('not.have.css', 'background-color', 'rgba(0, 0, 0, 0)');\ncy.get('.color').eq(2).should('have.css', 'background-color');\ncy.get('.color').eq(3).should('not.have.css', 'background-color', BLACK);\ncy.get('.color').eq(3).should('not.have.css', 'background-color', WHITE);\ncy.get('.color').eq(3).should('not.have.css', 'background-color', 'rgba(0, 0, 0, 0)');\ncy.get('.color').eq(3).should('have.css', 'background-color');",
              "err": {},
              "uuid": "20dfb3e1-4eee-4d55-92a2-4ba409c51132",
              "parentUUID": "915726fa-831f-48f7-a21b-b3c85d5fb093",
              "isHook": false,
              "skipped": false
            }
          ],
          "suites": [],
          "passes": [
            "538ff139-f27e-4903-9614-9cfac2462002",
            "20dfb3e1-4eee-4d55-92a2-4ba409c51132"
          ],
          "failures": [],
          "pending": [],
          "skipped": [],
          "duration": 437,
          "root": false,
          "rootEmpty": false,
          "_timeout": 2000
        },
        {
          "uuid": "a17f6fc7-d67f-4d67-8793-dd366a7987eb",
          "title": "4 - Adicione à página um quadro de pixels, com 25 pixels.",
          "fullFile": "",
          "file": "",
          "beforeHooks": [],
          "afterHooks": [],
          "tests": [
            {
              "title": "Verifica se o quadro de pixels possui o `id` denominado `pixel-board`",
              "fullTitle": "4 - Adicione à página um quadro de pixels, com 25 pixels. Verifica se o quadro de pixels possui o `id` denominado `pixel-board`",
              "timedOut": null,
              "duration": 105,
              "state": "passed",
              "speed": "slow",
              "pass": true,
              "fail": false,
              "pending": false,
              "context": null,
              "code": "cy.get('#pixel-board').should('be.visible');",
              "err": {},
              "uuid": "6dc8e9ac-aac9-4a7f-a017-0d8a85cd2f35",
              "parentUUID": "a17f6fc7-d67f-4d67-8793-dd366a7987eb",
              "isHook": false,
              "skipped": false
            },
            {
              "title": "Verifica se cada pixel individual dentro do quadro possui a `classe` denominada `pixel`.",
              "fullTitle": "4 - Adicione à página um quadro de pixels, com 25 pixels. Verifica se cada pixel individual dentro do quadro possui a `classe` denominada `pixel`.",
              "timedOut": null,
              "duration": 174,
              "state": "passed",
              "speed": "slow",
              "pass": true,
              "fail": false,
              "pending": false,
              "context": null,
              "code": "cy.get('.pixel').should('have.length', 25);",
              "err": {},
              "uuid": "09b30e02-d871-4525-a361-cd9e3e41e8f2",
              "parentUUID": "a17f6fc7-d67f-4d67-8793-dd366a7987eb",
              "isHook": false,
              "skipped": false
            },
            {
              "title": "Verifica se a cor inicial dos pixels dentro do quadro, ao abrir a página, é branca.",
              "fullTitle": "4 - Adicione à página um quadro de pixels, com 25 pixels. Verifica se a cor inicial dos pixels dentro do quadro, ao abrir a página, é branca.",
              "timedOut": null,
              "duration": 868,
              "state": "failed",
              "speed": null,
              "pass": false,
              "fail": true,
              "pending": false,
              "context": null,
              "code": "cy.get('.pixel').should('have.length', 25).each(function (pixel) {\n  expect(pixel).to.have.css('background-color', WHITE);\n});",
              "err": {
                "message": "AssertionError: expected '<div.coluna.pixel>' to have CSS property 'background-color' with the value 'rgb(255, 255, 255)', but the value was 'rgba(0, 0, 0, 0)'",
                "estack": "AssertionError: expected '<div.coluna.pixel>' to have CSS property 'background-color' with the value 'rgb(255, 255, 255)', but the value was 'rgba(0, 0, 0, 0)'\n    at callback (http://localhost:33983/__cypress/runner/cypress_runner.js:136947:20)\n    at getRet (http://localhost:33983/__cypress/runner/cypress_runner.js:136585:16)\n    at tryCatcher (http://localhost:33983/__cypress/runner/cypress_runner.js:167415:23)\n    at Function.Promise.attempt.Promise.try (http://localhost:33983/__cypress/runner/cypress_runner.js:164690:29)\n    at thenFn (http://localhost:33983/__cypress/runner/cypress_runner.js:136599:23)\n    at yieldItem (http://localhost:33983/__cypress/runner/cypress_runner.js:136954:16)\n    at tryCatcher (http://localhost:33983/__cypress/runner/cypress_runner.js:167415:23)\n    at Object.gotValue (http://localhost:33983/__cypress/runner/cypress_runner.js:166557:18)\n    at Object.gotAccum (http://localhost:33983/__cypress/runner/cypress_runner.js:166546:25)\n    at Object.tryCatcher (http://localhost:33983/__cypress/runner/cypress_runner.js:167415:23)\n    at Promise._settlePromiseFromHandler (http://localhost:33983/__cypress/runner/cypress_runner.js:165351:31)\n    at Promise._settlePromise (http://localhost:33983/__cypress/runner/cypress_runner.js:165408:18)\n    at Promise._settlePromiseCtx (http://localhost:33983/__cypress/runner/cypress_runner.js:165445:10)\n    at Async../node_modules/bluebird/js/release/async.js.Async._drainQueue (http://localhost:33983/__cypress/runner/cypress_runner.js:162145:12)\n    at Async../node_modules/bluebird/js/release/async.js.Async._drainQueues (http://localhost:33983/__cypress/runner/cypress_runner.js:162150:10)\n    at Async.drainQueues (http://localhost:33983/__cypress/runner/cypress_runner.js:162024:14)",
                "diff": "- 'rgba(0, 0, 0, 0)'\n+ 'rgb(255, 255, 255)'\n"
              },
              "uuid": "144fefbf-886d-4ea1-a671-9625fb1d38df",
              "parentUUID": "a17f6fc7-d67f-4d67-8793-dd366a7987eb",
              "isHook": false,
              "skipped": false
            },
            {
              "title": "Verifica se o quadro de pixels aparece abaixo da paleta de cores",
              "fullTitle": "4 - Adicione à página um quadro de pixels, com 25 pixels. Verifica se o quadro de pixels aparece abaixo da paleta de cores",
              "timedOut": null,
              "duration": 160,
              "state": "passed",
              "speed": "slow",
              "pass": true,
              "fail": false,
              "pending": false,
              "context": null,
              "code": "cy.get('#color-palette').then(function (palette) {\n  cy.get('#pixel-board').should('be.belowOf', palette);\n});",
              "err": {},
              "uuid": "50dc222f-17bd-4d26-a370-52a20ba1f2e1",
              "parentUUID": "a17f6fc7-d67f-4d67-8793-dd366a7987eb",
              "isHook": false,
              "skipped": false
            }
          ],
          "suites": [],
          "passes": [
            "6dc8e9ac-aac9-4a7f-a017-0d8a85cd2f35",
            "09b30e02-d871-4525-a361-cd9e3e41e8f2",
            "50dc222f-17bd-4d26-a370-52a20ba1f2e1"
          ],
          "failures": [
            "144fefbf-886d-4ea1-a671-9625fb1d38df"
          ],
          "pending": [],
          "skipped": [],
          "duration": 1307,
          "root": false,
          "rootEmpty": false,
          "_timeout": 2000
        },
        {
          "uuid": "72251a3b-d8a3-4a35-b1ea-55e0f88c750e",
          "title": "5 - Faça com que cada elemento do quadro de pixels possua 40 pixels de largura, 40 pixels de altura e seja delimitado por uma borda preta de 1 pixel.",
          "fullFile": "",
          "file": "",
          "beforeHooks": [],
          "afterHooks": [],
          "tests": [
            {
              "title": "Verifica se o quadro de pixels tem altura e comprimento de 5 elementos",
              "fullTitle": "5 - Faça com que cada elemento do quadro de pixels possua 40 pixels de largura, 40 pixels de altura e seja delimitado por uma borda preta de 1 pixel. Verifica se o quadro de pixels tem altura e comprimento de 5 elementos",
              "timedOut": null,
              "duration": 543,
              "state": "failed",
              "speed": null,
              "pass": false,
              "fail": true,
              "pending": false,
              "context": null,
              "code": "cy.get('.pixel').should('have.length', 25).each(function (pixel) {\n  expect(pixel).to.have.css('background-color', WHITE);\n}).and(function (pixels) {\n  var rows = chunk(pixels, 5);\n  rows.forEach(function (row) {\n    for (var index = 1; index < row.length; index += 1) {\n      var current = pixels[index];\n      var previous = pixels[index - 1];\n      cy.wrap(current).should('be.onTheRightOf', previous).and('be.horizontallyAlignedWith', previous);\n    }\n  });\n  for (var index = 1; index < 5; index += 1) {\n    expect(pixels[index * 5]).to.be.belowOf(pixels[(index - 1) * 5]);\n  }\n});",
              "err": {
                "message": "AssertionError: expected '<div.coluna.pixel>' to have CSS property 'background-color' with the value 'rgb(255, 255, 255)', but the value was 'rgba(0, 0, 0, 0)'",
                "estack": "AssertionError: expected '<div.coluna.pixel>' to have CSS property 'background-color' with the value 'rgb(255, 255, 255)', but the value was 'rgba(0, 0, 0, 0)'\n    at callback (http://localhost:33983/__cypress/runner/cypress_runner.js:136947:20)\n    at getRet (http://localhost:33983/__cypress/runner/cypress_runner.js:136585:16)\n    at tryCatcher (http://localhost:33983/__cypress/runner/cypress_runner.js:167415:23)\n    at Function.Promise.attempt.Promise.try (http://localhost:33983/__cypress/runner/cypress_runner.js:164690:29)\n    at thenFn (http://localhost:33983/__cypress/runner/cypress_runner.js:136599:23)\n    at yieldItem (http://localhost:33983/__cypress/runner/cypress_runner.js:136954:16)\n    at tryCatcher (http://localhost:33983/__cypress/runner/cypress_runner.js:167415:23)\n    at Object.gotValue (http://localhost:33983/__cypress/runner/cypress_runner.js:166557:18)\n    at Object.gotAccum (http://localhost:33983/__cypress/runner/cypress_runner.js:166546:25)\n    at Object.tryCatcher (http://localhost:33983/__cypress/runner/cypress_runner.js:167415:23)\n    at Promise._settlePromiseFromHandler (http://localhost:33983/__cypress/runner/cypress_runner.js:165351:31)\n    at Promise._settlePromise (http://localhost:33983/__cypress/runner/cypress_runner.js:165408:18)\n    at Promise._settlePromiseCtx (http://localhost:33983/__cypress/runner/cypress_runner.js:165445:10)\n    at Async../node_modules/bluebird/js/release/async.js.Async._drainQueue (http://localhost:33983/__cypress/runner/cypress_runner.js:162145:12)\n    at Async../node_modules/bluebird/js/release/async.js.Async._drainQueues (http://localhost:33983/__cypress/runner/cypress_runner.js:162150:10)\n    at Async.drainQueues (http://localhost:33983/__cypress/runner/cypress_runner.js:162024:14)",
                "diff": "- 'rgba(0, 0, 0, 0)'\n+ 'rgb(255, 255, 255)'\n"
              },
              "uuid": "7fe726b4-0f83-4925-bad9-c112bec33c75",
              "parentUUID": "72251a3b-d8a3-4a35-b1ea-55e0f88c750e",
              "isHook": false,
              "skipped": false
            },
            {
              "title": "Verifica se 40 pixels é o tamanho total do elemento, incluindo seu conteúdo e excluindo a borda preta, que deve ser criada à parte.",
              "fullTitle": "5 - Faça com que cada elemento do quadro de pixels possua 40 pixels de largura, 40 pixels de altura e seja delimitado por uma borda preta de 1 pixel. Verifica se 40 pixels é o tamanho total do elemento, incluindo seu conteúdo e excluindo a borda preta, que deve ser criada à parte.",
              "timedOut": null,
              "duration": 521,
              "state": "passed",
              "speed": "slow",
              "pass": true,
              "fail": false,
              "pending": false,
              "context": null,
              "code": "cy.get('.pixel').each(function (pixel) {\n  cy.wrap(pixel).should('have.css', 'height', '40px').and('have.css', 'width', '40px').and('have.css', 'border', \"1px solid \".concat(BLACK));\n});",
              "err": {},
              "uuid": "e3fd5f00-15c1-4b25-a9c6-7433e739d1cc",
              "parentUUID": "72251a3b-d8a3-4a35-b1ea-55e0f88c750e",
              "isHook": false,
              "skipped": false
            }
          ],
          "suites": [],
          "passes": [
            "e3fd5f00-15c1-4b25-a9c6-7433e739d1cc"
          ],
          "failures": [
            "7fe726b4-0f83-4925-bad9-c112bec33c75"
          ],
          "pending": [],
          "skipped": [],
          "duration": 1064,
          "root": false,
          "rootEmpty": false,
          "_timeout": 2000
        },
        {
          "uuid": "59b527ac-1956-4730-b114-7cfbd5c02d2b",
          "title": "6 - Defina a cor preta como cor inicial. Ao carregar a página a cor preta já deve estar selecionada para pintar os pixels",
          "fullFile": "",
          "file": "",
          "beforeHooks": [],
          "afterHooks": [],
          "tests": [
            {
              "title": "Verifica se o elemento da cor preta possui, inicialmente, a `classe` `selected`",
              "fullTitle": "6 - Defina a cor preta como cor inicial. Ao carregar a página a cor preta já deve estar selecionada para pintar os pixels Verifica se o elemento da cor preta possui, inicialmente, a `classe` `selected`",
              "timedOut": null,
              "duration": 121,
              "state": "passed",
              "speed": "slow",
              "pass": true,
              "fail": false,
              "pending": false,
              "context": null,
              "code": "cy.get('.selected').first().should('have.css', 'background-color', BLACK);",
              "err": {},
              "uuid": "3734916e-58a8-4703-9cb2-c3ff18f5c8c3",
              "parentUUID": "59b527ac-1956-4730-b114-7cfbd5c02d2b",
              "isHook": false,
              "skipped": false
            },
            {
              "title": "Verifica se nenhuma outra cor da paleta tem a `classe` `selected`",
              "fullTitle": "6 - Defina a cor preta como cor inicial. Ao carregar a página a cor preta já deve estar selecionada para pintar os pixels Verifica se nenhuma outra cor da paleta tem a `classe` `selected`",
              "timedOut": null,
              "duration": 155,
              "state": "passed",
              "speed": "slow",
              "pass": true,
              "fail": false,
              "pending": false,
              "context": null,
              "code": "cy.get('.color:not(:first-child)').each(function (color) {\n  cy.wrap(color).should('not.have.class', 'selected');\n});",
              "err": {},
              "uuid": "e8922454-d93f-4b74-9a66-661f380ca96c",
              "parentUUID": "59b527ac-1956-4730-b114-7cfbd5c02d2b",
              "isHook": false,
              "skipped": false
            }
          ],
          "suites": [],
          "passes": [
            "3734916e-58a8-4703-9cb2-c3ff18f5c8c3",
            "e8922454-d93f-4b74-9a66-661f380ca96c"
          ],
          "failures": [],
          "pending": [],
          "skipped": [],
          "duration": 276,
          "root": false,
          "rootEmpty": false,
          "_timeout": 2000
        },
        {
          "uuid": "8ed14ca4-0b9d-4cdc-bb1c-70f1463a8c36",
          "title": "7 - Clicar em uma das cores da paleta, faz com que ela seja selecionada e utilizada para preencher os pixels no quadro.",
          "fullFile": "",
          "file": "",
          "beforeHooks": [],
          "afterHooks": [],
          "tests": [
            {
              "title": "Verifica se somente uma cor da paleta de cores tem a classe `selected` de cada vez",
              "fullTitle": "7 - Clicar em uma das cores da paleta, faz com que ela seja selecionada e utilizada para preencher os pixels no quadro. Verifica se somente uma cor da paleta de cores tem a classe `selected` de cada vez",
              "timedOut": null,
              "duration": 531,
              "state": "passed",
              "speed": "slow",
              "pass": true,
              "fail": false,
              "pending": false,
              "context": null,
              "code": "cy.get('.color').each(function (selectedColor, selectedColorIndex) {\n  cy.wrap(selectedColor).click();\n  cy.get('.color').each(function (color, colorIndex) {\n    if (colorIndex === selectedColorIndex) {\n      expect(color).to.have[\"class\"]('selected');\n    } else {\n      expect(color).not.to.have[\"class\"]('selected');\n    }\n  });\n});",
              "err": {},
              "uuid": "01f62744-56fa-4ec5-8c25-99d902cbb43a",
              "parentUUID": "8ed14ca4-0b9d-4cdc-bb1c-70f1463a8c36",
              "isHook": false,
              "skipped": false
            },
            {
              "title": "Verifica se os pixels dentro do quadro não têm a classe `selected` quando são clicados",
              "fullTitle": "7 - Clicar em uma das cores da paleta, faz com que ela seja selecionada e utilizada para preencher os pixels no quadro. Verifica se os pixels dentro do quadro não têm a classe `selected` quando são clicados",
              "timedOut": null,
              "duration": 9199,
              "state": "passed",
              "speed": "slow",
              "pass": true,
              "fail": false,
              "pending": false,
              "context": null,
              "code": "cy.get('.color').each(function (color) {\n  var backgroundColor = color.css('background-color');\n  cy.wrap(color).click();\n  cy.get('.pixel').each(function (pixel) {\n    cy.wrap(pixel).click().should('not.have.class', 'selected');\n  });\n});",
              "err": {},
              "uuid": "a3457105-d7fe-46c1-a2f2-390335eafc6d",
              "parentUUID": "8ed14ca4-0b9d-4cdc-bb1c-70f1463a8c36",
              "isHook": false,
              "skipped": false
            }
          ],
          "suites": [],
          "passes": [
            "01f62744-56fa-4ec5-8c25-99d902cbb43a",
            "a3457105-d7fe-46c1-a2f2-390335eafc6d"
          ],
          "failures": [],
          "pending": [],
          "skipped": [],
          "duration": 9730,
          "root": false,
          "rootEmpty": false,
          "_timeout": 2000
        },
        {
          "uuid": "ebf64fbd-985f-438d-b080-ee9d46319e50",
          "title": "8 - Clicar em um pixel dentro do quadro após selecionar uma cor na paleta, faz com que o pixel seja preenchido com a cor selecionada.",
          "fullFile": "",
          "file": "",
          "beforeHooks": [],
          "afterHooks": [],
          "tests": [
            {
              "title": "Verifica se ao carregar a página deve ser possível pintar os pixels de preto",
              "fullTitle": "8 - Clicar em um pixel dentro do quadro após selecionar uma cor na paleta, faz com que o pixel seja preenchido com a cor selecionada. Verifica se ao carregar a página deve ser possível pintar os pixels de preto",
              "timedOut": null,
              "duration": 2401,
              "state": "passed",
              "speed": "slow",
              "pass": true,
              "fail": false,
              "pending": false,
              "context": null,
              "code": "cy.get('.pixel').each(function (pixel) {\n  cy.wrap(pixel).click().should('have.css', 'background-color', BLACK);\n});",
              "err": {},
              "uuid": "752bfe0b-44c0-4f39-870f-c10c5a32f117",
              "parentUUID": "ebf64fbd-985f-438d-b080-ee9d46319e50",
              "isHook": false,
              "skipped": false
            },
            {
              "title": "Verifica se após selecionar uma outra cor na paleta, é possível pintar os pixels com essa cor",
              "fullTitle": "8 - Clicar em um pixel dentro do quadro após selecionar uma cor na paleta, faz com que o pixel seja preenchido com a cor selecionada. Verifica se após selecionar uma outra cor na paleta, é possível pintar os pixels com essa cor",
              "timedOut": null,
              "duration": 9128,
              "state": "passed",
              "speed": "slow",
              "pass": true,
              "fail": false,
              "pending": false,
              "context": null,
              "code": "cy.get('.color').each(function (color) {\n  var backgroundColor = color.css('background-color');\n  cy.wrap(color).click();\n  cy.get('.pixel').each(function (pixel) {\n    cy.wrap(pixel).click().should('have.css', 'background-color', backgroundColor);\n  });\n});",
              "err": {},
              "uuid": "7c8a0d3a-76f5-4734-a531-dec0f4b3c177",
              "parentUUID": "ebf64fbd-985f-438d-b080-ee9d46319e50",
              "isHook": false,
              "skipped": false
            },
            {
              "title": "Verifica se somente o pixel que foi clicado foi preenchido com a cor selecionada, sem influenciar na cor dos demais pixels.",
              "fullTitle": "8 - Clicar em um pixel dentro do quadro após selecionar uma cor na paleta, faz com que o pixel seja preenchido com a cor selecionada. Verifica se somente o pixel que foi clicado foi preenchido com a cor selecionada, sem influenciar na cor dos demais pixels.",
              "timedOut": null,
              "duration": 1858,
              "state": "passed",
              "speed": "slow",
              "pass": true,
              "fail": false,
              "pending": false,
              "context": null,
              "code": "var colorToPixelIndexMap = {\n  0: 6,\n  1: 8,\n  2: 16,\n  3: 18\n};\ncy.get('.color').each(function (color, index) {\n  cy.wrap(color).click();\n  var backgroundColor = color.css('background-color');\n  var clickedPixelIndex = colorToPixelIndexMap[index];\n  cy.get('.pixel').eq(clickedPixelIndex).click();\n  cy.get('.pixel').eq(clickedPixelIndex - 1).should('not.have.css', 'background-color', backgroundColor);\n  cy.get('.pixel').eq(clickedPixelIndex + 1).should('not.have.css', 'background-color', backgroundColor);\n  cy.get('.pixel').eq(clickedPixelIndex - 5).should('not.have.css', 'background-color', backgroundColor);\n  cy.get('.pixel').eq(clickedPixelIndex + 5).should('not.have.css', 'background-color', backgroundColor);\n  cy.get('.pixel').eq(clickedPixelIndex - 6).should('not.have.css', 'background-color', backgroundColor);\n  cy.get('.pixel').eq(clickedPixelIndex - 4).should('not.have.css', 'background-color', backgroundColor);\n  cy.get('.pixel').eq(clickedPixelIndex + 4).should('not.have.css', 'background-color', backgroundColor);\n  cy.get('.pixel').eq(clickedPixelIndex + 6).should('not.have.css', 'background-color', backgroundColor);\n});",
              "err": {},
              "uuid": "821d7ee6-5e19-41b6-9589-3183c3ce5339",
              "parentUUID": "ebf64fbd-985f-438d-b080-ee9d46319e50",
              "isHook": false,
              "skipped": false
            }
          ],
          "suites": [],
          "passes": [
            "752bfe0b-44c0-4f39-870f-c10c5a32f117",
            "7c8a0d3a-76f5-4734-a531-dec0f4b3c177",
            "821d7ee6-5e19-41b6-9589-3183c3ce5339"
          ],
          "failures": [],
          "pending": [],
          "skipped": [],
          "duration": 13387,
          "root": false,
          "rootEmpty": false,
          "_timeout": 2000
        },
        {
          "uuid": "003eec03-c04e-4e3a-a825-9c1514bd672b",
          "title": "9 - Crie um botão que, ao ser clicado, limpa o quadro preenchendo a cor de todos seus pixels com branco.",
          "fullFile": "",
          "file": "",
          "beforeHooks": [],
          "afterHooks": [],
          "tests": [
            {
              "title": "Verifica se o botão tem o `id` denominado `clear-board`",
              "fullTitle": "9 - Crie um botão que, ao ser clicado, limpa o quadro preenchendo a cor de todos seus pixels com branco. Verifica se o botão tem o `id` denominado `clear-board`",
              "timedOut": null,
              "duration": 191,
              "state": "passed",
              "speed": "slow",
              "pass": true,
              "fail": false,
              "pending": false,
              "context": null,
              "code": "cy.get('#clear-board').should('be.visible');",
              "err": {},
              "uuid": "862e42ec-e335-4849-911c-3fbc1fd6d6b2",
              "parentUUID": "003eec03-c04e-4e3a-a825-9c1514bd672b",
              "isHook": false,
              "skipped": false
            },
            {
              "title": "Verifica se o botão está posicionado entre a paleta de cores e o quadro de pixels",
              "fullTitle": "9 - Crie um botão que, ao ser clicado, limpa o quadro preenchendo a cor de todos seus pixels com branco. Verifica se o botão está posicionado entre a paleta de cores e o quadro de pixels",
              "timedOut": null,
              "duration": 4392,
              "state": "failed",
              "speed": null,
              "pass": false,
              "fail": true,
              "pending": false,
              "context": null,
              "code": "cy.get('#color-palette').then(function (palette) {\n  cy.get('#clear-board').should('be.belowOf', palette);\n});\ncy.get('#clear-board').then(function (clearBtn) {\n  cy.get('#pixel-board').should('be.belowOf', clearBtn);\n});",
              "err": {
                "message": "CypressError: Timed out retrying: expected '<button#clear-board>' to be below of { Object (0, length, ...) }",
                "estack": "CypressError: Timed out retrying: expected '<button#clear-board>' to be below of { Object (0, length, ...) }\n    at cypressErr (http://localhost:33983/__cypress/runner/cypress_runner.js:149934:9)\n    at throwErr (http://localhost:33983/__cypress/runner/cypress_runner.js:149867:11)\n    at Object.throwErrByPath (http://localhost:33983/__cypress/runner/cypress_runner.js:149915:3)\n    at retry (http://localhost:33983/__cypress/runner/cypress_runner.js:144197:19)\n    at onFailFn (http://localhost:33983/__cypress/runner/cypress_runner.js:132448:16)\n    at tryCatcher (http://localhost:33983/__cypress/runner/cypress_runner.js:167415:23)\n    at Promise._settlePromiseFromHandler (http://localhost:33983/__cypress/runner/cypress_runner.js:165351:31)\n    at Promise._settlePromise (http://localhost:33983/__cypress/runner/cypress_runner.js:165408:18)\n    at Promise._settlePromise0 (http://localhost:33983/__cypress/runner/cypress_runner.js:165453:10)\n    at Promise._settlePromises (http://localhost:33983/__cypress/runner/cypress_runner.js:165528:18)\n    at Async../node_modules/bluebird/js/release/async.js.Async._drainQueue (http://localhost:33983/__cypress/runner/cypress_runner.js:162140:16)\n    at Async../node_modules/bluebird/js/release/async.js.Async._drainQueues (http://localhost:33983/__cypress/runner/cypress_runner.js:162150:10)\n    at Async.drainQueues (http://localhost:33983/__cypress/runner/cypress_runner.js:162024:14)",
                "diff": null
              },
              "uuid": "a4a87931-0521-4ff7-9ba0-608f77fec426",
              "parentUUID": "003eec03-c04e-4e3a-a825-9c1514bd672b",
              "isHook": false,
              "skipped": false
            },
            {
              "title": "Verifica se o texto do botão é 'Limpar'",
              "fullTitle": "9 - Crie um botão que, ao ser clicado, limpa o quadro preenchendo a cor de todos seus pixels com branco. Verifica se o texto do botão é 'Limpar'",
              "timedOut": null,
              "duration": 207,
              "state": "passed",
              "speed": "slow",
              "pass": true,
              "fail": false,
              "pending": false,
              "context": null,
              "code": "cy.get('#clear-board').should('contain.text', 'Limpar');",
              "err": {},
              "uuid": "649e5884-32a9-4965-a407-e2831ac6337e",
              "parentUUID": "003eec03-c04e-4e3a-a825-9c1514bd672b",
              "isHook": false,
              "skipped": false
            },
            {
              "title": "Verifica se ao clicar no botão, o quadro de pixels é totalmente preenchido de branco",
              "fullTitle": "9 - Crie um botão que, ao ser clicado, limpa o quadro preenchendo a cor de todos seus pixels com branco. Verifica se ao clicar no botão, o quadro de pixels é totalmente preenchido de branco",
              "timedOut": null,
              "duration": 2581,
              "state": "passed",
              "speed": "slow",
              "pass": true,
              "fail": false,
              "pending": false,
              "context": null,
              "code": "cy.get('.color').eq(1).then(function (color) {\n  var backgroundColor = color.css('background-color');\n  cy.wrap(color).click();\n  cy.get('.pixel').each(function (pixel) {\n    cy.wrap(pixel).click().should('have.css', 'background-color', backgroundColor);\n  });\n});\ncy.get('#clear-board').click();\ncy.get('.pixel').each(function (pixel) {\n  cy.wrap(pixel).should('have.css', 'background-color', WHITE);\n});",
              "err": {},
              "uuid": "0c09ce0f-6668-4360-8cf0-debc757f717d",
              "parentUUID": "003eec03-c04e-4e3a-a825-9c1514bd672b",
              "isHook": false,
              "skipped": false
            }
          ],
          "suites": [],
          "passes": [
            "862e42ec-e335-4849-911c-3fbc1fd6d6b2",
            "649e5884-32a9-4965-a407-e2831ac6337e",
            "0c09ce0f-6668-4360-8cf0-debc757f717d"
          ],
          "failures": [
            "a4a87931-0521-4ff7-9ba0-608f77fec426"
          ],
          "pending": [],
          "skipped": [],
          "duration": 7371,
          "root": false,
          "rootEmpty": false,
          "_timeout": 2000
        },
        {
          "uuid": "9a68a4ab-bb92-41f5-a35f-493a304a6654",
          "title": "10 - Faça o quadro de pixels ter seu tamanho definido pelo usuário.",
          "fullFile": "",
          "file": "",
          "beforeHooks": [],
          "afterHooks": [],
          "tests": [
            {
              "title": "Verifica se existe um input com o id `board-size`",
              "fullTitle": "10 - Faça o quadro de pixels ter seu tamanho definido pelo usuário. Verifica se existe um input com o id `board-size`",
              "timedOut": null,
              "duration": 4430,
              "state": "failed",
              "speed": null,
              "pass": false,
              "fail": true,
              "pending": false,
              "context": null,
              "code": "cy.get('#board-size').should('be.visible');",
              "err": {
                "message": "CypressError: Timed out retrying: Expected to find element: '#board-size', but never found it.",
                "estack": "CypressError: Timed out retrying: Expected to find element: '#board-size', but never found it.\n    at cypressErr (http://localhost:33983/__cypress/runner/cypress_runner.js:149934:9)\n    at throwErr (http://localhost:33983/__cypress/runner/cypress_runner.js:149867:11)\n    at Object.throwErrByPath (http://localhost:33983/__cypress/runner/cypress_runner.js:149915:3)\n    at retry (http://localhost:33983/__cypress/runner/cypress_runner.js:144197:19)\n    at onFailFn (http://localhost:33983/__cypress/runner/cypress_runner.js:132448:16)\n    at tryCatcher (http://localhost:33983/__cypress/runner/cypress_runner.js:167415:23)\n    at Promise._settlePromiseFromHandler (http://localhost:33983/__cypress/runner/cypress_runner.js:165351:31)\n    at Promise._settlePromise (http://localhost:33983/__cypress/runner/cypress_runner.js:165408:18)\n    at Promise._settlePromise0 (http://localhost:33983/__cypress/runner/cypress_runner.js:165453:10)\n    at Promise._settlePromises (http://localhost:33983/__cypress/runner/cypress_runner.js:165528:18)\n    at Async../node_modules/bluebird/js/release/async.js.Async._drainQueue (http://localhost:33983/__cypress/runner/cypress_runner.js:162140:16)\n    at Async../node_modules/bluebird/js/release/async.js.Async._drainQueues (http://localhost:33983/__cypress/runner/cypress_runner.js:162150:10)\n    at Async.drainQueues (http://localhost:33983/__cypress/runner/cypress_runner.js:162024:14)",
                "diff": null
              },
              "uuid": "39e7bf87-0e0f-4238-b19f-ad54e863f28e",
              "parentUUID": "9a68a4ab-bb92-41f5-a35f-493a304a6654",
              "isHook": false,
              "skipped": false
            },
            {
              "title": "Verifica se existe um botão com o id `generate-board`",
              "fullTitle": "10 - Faça o quadro de pixels ter seu tamanho definido pelo usuário. Verifica se existe um botão com o id `generate-board`",
              "timedOut": null,
              "duration": 4440,
              "state": "failed",
              "speed": null,
              "pass": false,
              "fail": true,
              "pending": false,
              "context": null,
              "code": "cy.get('#generate-board').should('be.visible');",
              "err": {
                "message": "CypressError: Timed out retrying: Expected to find element: '#generate-board', but never found it.",
                "estack": "CypressError: Timed out retrying: Expected to find element: '#generate-board', but never found it.\n    at cypressErr (http://localhost:33983/__cypress/runner/cypress_runner.js:149934:9)\n    at throwErr (http://localhost:33983/__cypress/runner/cypress_runner.js:149867:11)\n    at Object.throwErrByPath (http://localhost:33983/__cypress/runner/cypress_runner.js:149915:3)\n    at retry (http://localhost:33983/__cypress/runner/cypress_runner.js:144197:19)\n    at onFailFn (http://localhost:33983/__cypress/runner/cypress_runner.js:132448:16)\n    at tryCatcher (http://localhost:33983/__cypress/runner/cypress_runner.js:167415:23)\n    at Promise._settlePromiseFromHandler (http://localhost:33983/__cypress/runner/cypress_runner.js:165351:31)\n    at Promise._settlePromise (http://localhost:33983/__cypress/runner/cypress_runner.js:165408:18)\n    at Promise._settlePromise0 (http://localhost:33983/__cypress/runner/cypress_runner.js:165453:10)\n    at Promise._settlePromises (http://localhost:33983/__cypress/runner/cypress_runner.js:165528:18)\n    at Async../node_modules/bluebird/js/release/async.js.Async._drainQueue (http://localhost:33983/__cypress/runner/cypress_runner.js:162140:16)\n    at Async../node_modules/bluebird/js/release/async.js.Async._drainQueues (http://localhost:33983/__cypress/runner/cypress_runner.js:162150:10)\n    at Async.drainQueues (http://localhost:33983/__cypress/runner/cypress_runner.js:162024:14)",
                "diff": null
              },
              "uuid": "6f6d9225-c63f-4224-a7ee-00b6f6937a63",
              "parentUUID": "9a68a4ab-bb92-41f5-a35f-493a304a6654",
              "isHook": false,
              "skipped": false
            },
            {
              "title": "Verifica se o input só aceita número maiores que zero. Essa restrição deve ser feita usando os atributos do elemento `input`",
              "fullTitle": "10 - Faça o quadro de pixels ter seu tamanho definido pelo usuário. Verifica se o input só aceita número maiores que zero. Essa restrição deve ser feita usando os atributos do elemento `input`",
              "timedOut": null,
              "duration": 4440,
              "state": "failed",
              "speed": null,
              "pass": false,
              "fail": true,
              "pending": false,
              "context": null,
              "code": "cy.get('#board-size[type=\\'number\\'][min=\\'1\\']');",
              "err": {
                "message": "CypressError: Timed out retrying: Expected to find element: '#board-size[type='number'][min='1']', but never found it.",
                "estack": "CypressError: Timed out retrying: Expected to find element: '#board-size[type='number'][min='1']', but never found it.\n    at cypressErr (http://localhost:33983/__cypress/runner/cypress_runner.js:149934:9)\n    at throwErr (http://localhost:33983/__cypress/runner/cypress_runner.js:149867:11)\n    at Object.throwErrByPath (http://localhost:33983/__cypress/runner/cypress_runner.js:149915:3)\n    at retry (http://localhost:33983/__cypress/runner/cypress_runner.js:144197:19)\n    at onFailFn (http://localhost:33983/__cypress/runner/cypress_runner.js:132448:16)\n    at tryCatcher (http://localhost:33983/__cypress/runner/cypress_runner.js:167415:23)\n    at Promise._settlePromiseFromHandler (http://localhost:33983/__cypress/runner/cypress_runner.js:165351:31)\n    at Promise._settlePromise (http://localhost:33983/__cypress/runner/cypress_runner.js:165408:18)\n    at Promise._settlePromise0 (http://localhost:33983/__cypress/runner/cypress_runner.js:165453:10)\n    at Promise._settlePromises (http://localhost:33983/__cypress/runner/cypress_runner.js:165528:18)\n    at Async../node_modules/bluebird/js/release/async.js.Async._drainQueue (http://localhost:33983/__cypress/runner/cypress_runner.js:162140:16)\n    at Async../node_modules/bluebird/js/release/async.js.Async._drainQueues (http://localhost:33983/__cypress/runner/cypress_runner.js:162150:10)\n    at Async.drainQueues (http://localhost:33983/__cypress/runner/cypress_runner.js:162024:14)",
                "diff": null
              },
              "uuid": "d83a9d50-a4f4-4b12-a5bc-7dc14a6744ff",
              "parentUUID": "9a68a4ab-bb92-41f5-a35f-493a304a6654",
              "isHook": false,
              "skipped": false
            },
            {
              "title": "Verifica se o botão contém o texto 'VQV'",
              "fullTitle": "10 - Faça o quadro de pixels ter seu tamanho definido pelo usuário. Verifica se o botão contém o texto 'VQV'",
              "timedOut": null,
              "duration": 4472,
              "state": "failed",
              "speed": null,
              "pass": false,
              "fail": true,
              "pending": false,
              "context": null,
              "code": "cy.get('#generate-board').contains(/vqv/i);",
              "err": {
                "message": "CypressError: Timed out retrying: Expected to find element: '#generate-board', but never found it.",
                "estack": "CypressError: Timed out retrying: Expected to find element: '#generate-board', but never found it.\n    at cypressErr (http://localhost:33983/__cypress/runner/cypress_runner.js:149934:9)\n    at throwErr (http://localhost:33983/__cypress/runner/cypress_runner.js:149867:11)\n    at Object.throwErrByPath (http://localhost:33983/__cypress/runner/cypress_runner.js:149915:3)\n    at retry (http://localhost:33983/__cypress/runner/cypress_runner.js:144197:19)\n    at onFailFn (http://localhost:33983/__cypress/runner/cypress_runner.js:132448:16)\n    at tryCatcher (http://localhost:33983/__cypress/runner/cypress_runner.js:167415:23)\n    at Promise._settlePromiseFromHandler (http://localhost:33983/__cypress/runner/cypress_runner.js:165351:31)\n    at Promise._settlePromise (http://localhost:33983/__cypress/runner/cypress_runner.js:165408:18)\n    at Promise._settlePromise0 (http://localhost:33983/__cypress/runner/cypress_runner.js:165453:10)\n    at Promise._settlePromises (http://localhost:33983/__cypress/runner/cypress_runner.js:165528:18)\n    at Async../node_modules/bluebird/js/release/async.js.Async._drainQueue (http://localhost:33983/__cypress/runner/cypress_runner.js:162140:16)\n    at Async../node_modules/bluebird/js/release/async.js.Async._drainQueues (http://localhost:33983/__cypress/runner/cypress_runner.js:162150:10)\n    at Async.drainQueues (http://localhost:33983/__cypress/runner/cypress_runner.js:162024:14)",
                "diff": null
              },
              "uuid": "d8963b0a-1302-403c-8896-c08b96b179ea",
              "parentUUID": "9a68a4ab-bb92-41f5-a35f-493a304a6654",
              "isHook": false,
              "skipped": false
            },
            {
              "title": "Verifica se o input está posicionado entre a paleta de cores e o quadro de pixels",
              "fullTitle": "10 - Faça o quadro de pixels ter seu tamanho definido pelo usuário. Verifica se o input está posicionado entre a paleta de cores e o quadro de pixels",
              "timedOut": null,
              "duration": 4390,
              "state": "failed",
              "speed": null,
              "pass": false,
              "fail": true,
              "pending": false,
              "context": null,
              "code": "cy.get('#color-palette').then(function (palette) {\n  cy.get('#board-size').should('be.belowOf', palette);\n});\ncy.get('#board-size').then(function (palette) {\n  cy.get('#pixel-board').should('be.belowOf', palette);\n});",
              "err": {
                "message": "CypressError: Timed out retrying: Expected to find element: '#board-size', but never found it.",
                "estack": "CypressError: Timed out retrying: Expected to find element: '#board-size', but never found it.\n    at cypressErr (http://localhost:33983/__cypress/runner/cypress_runner.js:149934:9)\n    at throwErr (http://localhost:33983/__cypress/runner/cypress_runner.js:149867:11)\n    at Object.throwErrByPath (http://localhost:33983/__cypress/runner/cypress_runner.js:149915:3)\n    at retry (http://localhost:33983/__cypress/runner/cypress_runner.js:144197:19)\n    at onFailFn (http://localhost:33983/__cypress/runner/cypress_runner.js:132448:16)\n    at tryCatcher (http://localhost:33983/__cypress/runner/cypress_runner.js:167415:23)\n    at Promise._settlePromiseFromHandler (http://localhost:33983/__cypress/runner/cypress_runner.js:165351:31)\n    at Promise._settlePromise (http://localhost:33983/__cypress/runner/cypress_runner.js:165408:18)\n    at Promise._settlePromise0 (http://localhost:33983/__cypress/runner/cypress_runner.js:165453:10)\n    at Promise._settlePromises (http://localhost:33983/__cypress/runner/cypress_runner.js:165528:18)\n    at Async../node_modules/bluebird/js/release/async.js.Async._drainQueue (http://localhost:33983/__cypress/runner/cypress_runner.js:162140:16)\n    at Async../node_modules/bluebird/js/release/async.js.Async._drainQueues (http://localhost:33983/__cypress/runner/cypress_runner.js:162150:10)\n    at Async.drainQueues (http://localhost:33983/__cypress/runner/cypress_runner.js:162024:14)",
                "diff": null
              },
              "uuid": "b84b0d83-f925-45e6-af38-5bd196fb9d93",
              "parentUUID": "9a68a4ab-bb92-41f5-a35f-493a304a6654",
              "isHook": false,
              "skipped": false
            },
            {
              "title": "Verifica se o botão está posicionado ao lado do input",
              "fullTitle": "10 - Faça o quadro de pixels ter seu tamanho definido pelo usuário. Verifica se o botão está posicionado ao lado do input",
              "timedOut": null,
              "duration": 4446,
              "state": "failed",
              "speed": null,
              "pass": false,
              "fail": true,
              "pending": false,
              "context": null,
              "code": "cy.get('#board-size').then(function (board) {\n  cy.get('#generate-board').should('be.onTheRightOf', board);\n});",
              "err": {
                "message": "CypressError: Timed out retrying: Expected to find element: '#board-size', but never found it.",
                "estack": "CypressError: Timed out retrying: Expected to find element: '#board-size', but never found it.\n    at cypressErr (http://localhost:33983/__cypress/runner/cypress_runner.js:149934:9)\n    at throwErr (http://localhost:33983/__cypress/runner/cypress_runner.js:149867:11)\n    at Object.throwErrByPath (http://localhost:33983/__cypress/runner/cypress_runner.js:149915:3)\n    at retry (http://localhost:33983/__cypress/runner/cypress_runner.js:144197:19)\n    at onFailFn (http://localhost:33983/__cypress/runner/cypress_runner.js:132448:16)\n    at tryCatcher (http://localhost:33983/__cypress/runner/cypress_runner.js:167415:23)\n    at Promise._settlePromiseFromHandler (http://localhost:33983/__cypress/runner/cypress_runner.js:165351:31)\n    at Promise._settlePromise (http://localhost:33983/__cypress/runner/cypress_runner.js:165408:18)\n    at Promise._settlePromise0 (http://localhost:33983/__cypress/runner/cypress_runner.js:165453:10)\n    at Promise._settlePromises (http://localhost:33983/__cypress/runner/cypress_runner.js:165528:18)\n    at Async../node_modules/bluebird/js/release/async.js.Async._drainQueue (http://localhost:33983/__cypress/runner/cypress_runner.js:162140:16)\n    at Async../node_modules/bluebird/js/release/async.js.Async._drainQueues (http://localhost:33983/__cypress/runner/cypress_runner.js:162150:10)\n    at Async.drainQueues (http://localhost:33983/__cypress/runner/cypress_runner.js:162024:14)",
                "diff": null
              },
              "uuid": "50427802-6ef0-4931-893c-a2807b871266",
              "parentUUID": "9a68a4ab-bb92-41f5-a35f-493a304a6654",
              "isHook": false,
              "skipped": false
            },
            {
              "title": "Verifica se nenhum valor for colocado no input ao clicar no botão, um `alert` é exibido com o texto: 'Board inválido!'",
              "fullTitle": "10 - Faça o quadro de pixels ter seu tamanho definido pelo usuário. Verifica se nenhum valor for colocado no input ao clicar no botão, um `alert` é exibido com o texto: 'Board inválido!'",
              "timedOut": null,
              "duration": 4418,
              "state": "failed",
              "speed": null,
              "pass": false,
              "fail": true,
              "pending": false,
              "context": null,
              "code": "var alerted = false;\ncy.on('window:alert', function (msg) {\n  return alerted = msg;\n});\ncy.get('#generate-board').click().then(function () {\n  return expect(alerted).to.match(/Board inválido!/i);\n});",
              "err": {
                "message": "CypressError: Timed out retrying: Expected to find element: '#generate-board', but never found it.",
                "estack": "CypressError: Timed out retrying: Expected to find element: '#generate-board', but never found it.\n    at cypressErr (http://localhost:33983/__cypress/runner/cypress_runner.js:149934:9)\n    at throwErr (http://localhost:33983/__cypress/runner/cypress_runner.js:149867:11)\n    at Object.throwErrByPath (http://localhost:33983/__cypress/runner/cypress_runner.js:149915:3)\n    at retry (http://localhost:33983/__cypress/runner/cypress_runner.js:144197:19)\n    at onFailFn (http://localhost:33983/__cypress/runner/cypress_runner.js:132448:16)\n    at tryCatcher (http://localhost:33983/__cypress/runner/cypress_runner.js:167415:23)\n    at Promise._settlePromiseFromHandler (http://localhost:33983/__cypress/runner/cypress_runner.js:165351:31)\n    at Promise._settlePromise (http://localhost:33983/__cypress/runner/cypress_runner.js:165408:18)\n    at Promise._settlePromise0 (http://localhost:33983/__cypress/runner/cypress_runner.js:165453:10)\n    at Promise._settlePromises (http://localhost:33983/__cypress/runner/cypress_runner.js:165528:18)\n    at Async../node_modules/bluebird/js/release/async.js.Async._drainQueue (http://localhost:33983/__cypress/runner/cypress_runner.js:162140:16)\n    at Async../node_modules/bluebird/js/release/async.js.Async._drainQueues (http://localhost:33983/__cypress/runner/cypress_runner.js:162150:10)\n    at Async.drainQueues (http://localhost:33983/__cypress/runner/cypress_runner.js:162024:14)",
                "diff": null
              },
              "uuid": "bb6ddd0e-3935-4314-a997-289a80c801c9",
              "parentUUID": "9a68a4ab-bb92-41f5-a35f-493a304a6654",
              "isHook": false,
              "skipped": false
            },
            {
              "title": "Verifica se ao clicar no botão com um valor preenchido, o tamanho do board muda.",
              "fullTitle": "10 - Faça o quadro de pixels ter seu tamanho definido pelo usuário. Verifica se ao clicar no botão com um valor preenchido, o tamanho do board muda.",
              "timedOut": null,
              "duration": 4439,
              "state": "failed",
              "speed": null,
              "pass": false,
              "fail": true,
              "pending": false,
              "context": null,
              "code": "cy.get('#board-size').clear().type(10);\ncy.get('#generate-board').click();\ncy.get('.pixel').should('have.length', 100);",
              "err": {
                "message": "CypressError: Timed out retrying: Expected to find element: '#board-size', but never found it.",
                "estack": "CypressError: Timed out retrying: Expected to find element: '#board-size', but never found it.\n    at cypressErr (http://localhost:33983/__cypress/runner/cypress_runner.js:149934:9)\n    at throwErr (http://localhost:33983/__cypress/runner/cypress_runner.js:149867:11)\n    at Object.throwErrByPath (http://localhost:33983/__cypress/runner/cypress_runner.js:149915:3)\n    at retry (http://localhost:33983/__cypress/runner/cypress_runner.js:144197:19)\n    at onFailFn (http://localhost:33983/__cypress/runner/cypress_runner.js:132448:16)\n    at tryCatcher (http://localhost:33983/__cypress/runner/cypress_runner.js:167415:23)\n    at Promise._settlePromiseFromHandler (http://localhost:33983/__cypress/runner/cypress_runner.js:165351:31)\n    at Promise._settlePromise (http://localhost:33983/__cypress/runner/cypress_runner.js:165408:18)\n    at Promise._settlePromise0 (http://localhost:33983/__cypress/runner/cypress_runner.js:165453:10)\n    at Promise._settlePromises (http://localhost:33983/__cypress/runner/cypress_runner.js:165528:18)\n    at Async../node_modules/bluebird/js/release/async.js.Async._drainQueue (http://localhost:33983/__cypress/runner/cypress_runner.js:162140:16)\n    at Async../node_modules/bluebird/js/release/async.js.Async._drainQueues (http://localhost:33983/__cypress/runner/cypress_runner.js:162150:10)\n    at Async.drainQueues (http://localhost:33983/__cypress/runner/cypress_runner.js:162024:14)",
                "diff": null
              },
              "uuid": "853902f4-1024-45b1-b34b-9c172943e637",
              "parentUUID": "9a68a4ab-bb92-41f5-a35f-493a304a6654",
              "isHook": false,
              "skipped": false
            },
            {
              "title": "Verifica se o novo quadro tem todos os pixels preenchidos com a cor branca",
              "fullTitle": "10 - Faça o quadro de pixels ter seu tamanho definido pelo usuário. Verifica se o novo quadro tem todos os pixels preenchidos com a cor branca",
              "timedOut": null,
              "duration": 4465,
              "state": "failed",
              "speed": null,
              "pass": false,
              "fail": true,
              "pending": false,
              "context": null,
              "code": "cy.get('#board-size').clear().type(6);\ncy.get('#generate-board').click();\ncy.get('.pixel').should('have.length', 36).each(function (pixel) {\n  expect(pixel).to.have.css('background-color', WHITE);\n});",
              "err": {
                "message": "CypressError: Timed out retrying: Expected to find element: '#board-size', but never found it.",
                "estack": "CypressError: Timed out retrying: Expected to find element: '#board-size', but never found it.\n    at cypressErr (http://localhost:33983/__cypress/runner/cypress_runner.js:149934:9)\n    at throwErr (http://localhost:33983/__cypress/runner/cypress_runner.js:149867:11)\n    at Object.throwErrByPath (http://localhost:33983/__cypress/runner/cypress_runner.js:149915:3)\n    at retry (http://localhost:33983/__cypress/runner/cypress_runner.js:144197:19)\n    at onFailFn (http://localhost:33983/__cypress/runner/cypress_runner.js:132448:16)\n    at tryCatcher (http://localhost:33983/__cypress/runner/cypress_runner.js:167415:23)\n    at Promise._settlePromiseFromHandler (http://localhost:33983/__cypress/runner/cypress_runner.js:165351:31)\n    at Promise._settlePromise (http://localhost:33983/__cypress/runner/cypress_runner.js:165408:18)\n    at Promise._settlePromise0 (http://localhost:33983/__cypress/runner/cypress_runner.js:165453:10)\n    at Promise._settlePromises (http://localhost:33983/__cypress/runner/cypress_runner.js:165528:18)\n    at Async../node_modules/bluebird/js/release/async.js.Async._drainQueue (http://localhost:33983/__cypress/runner/cypress_runner.js:162140:16)\n    at Async../node_modules/bluebird/js/release/async.js.Async._drainQueues (http://localhost:33983/__cypress/runner/cypress_runner.js:162150:10)\n    at Async.drainQueues (http://localhost:33983/__cypress/runner/cypress_runner.js:162024:14)",
                "diff": null
              },
              "uuid": "6bb0e1b4-b892-433b-b680-95f6faa9c501",
              "parentUUID": "9a68a4ab-bb92-41f5-a35f-493a304a6654",
              "isHook": false,
              "skipped": false
            }
          ],
          "suites": [],
          "passes": [],
          "failures": [
            "39e7bf87-0e0f-4238-b19f-ad54e863f28e",
            "6f6d9225-c63f-4224-a7ee-00b6f6937a63",
            "d83a9d50-a4f4-4b12-a5bc-7dc14a6744ff",
            "d8963b0a-1302-403c-8896-c08b96b179ea",
            "b84b0d83-f925-45e6-af38-5bd196fb9d93",
            "50427802-6ef0-4931-893c-a2807b871266",
            "bb6ddd0e-3935-4314-a997-289a80c801c9",
            "853902f4-1024-45b1-b34b-9c172943e637",
            "6bb0e1b4-b892-433b-b680-95f6faa9c501"
          ],
          "pending": [],
          "skipped": [],
          "duration": 39940,
          "root": false,
          "rootEmpty": false,
          "_timeout": 2000
        },
        {
          "uuid": "8d75fcc6-646c-4152-9e48-9efeec499083",
          "title": "11 - Limite o tamanho mínimo e máximo do board.",
          "fullFile": "",
          "file": "",
          "beforeHooks": [],
          "afterHooks": [],
          "tests": [
            {
              "title": "Verifica se a altura máxima do board é 50",
              "fullTitle": "11 - Limite o tamanho mínimo e máximo do board. Verifica se a altura máxima do board é 50",
              "timedOut": null,
              "duration": 4461,
              "state": "failed",
              "speed": null,
              "pass": false,
              "fail": true,
              "pending": false,
              "context": null,
              "code": "cy.get('#board-size').clear().type(50);\ncy.get('#generate-board').click();\ncy.get('.pixel').should('have.length', 2500);",
              "err": {
                "message": "CypressError: Timed out retrying: Expected to find element: '#board-size', but never found it.",
                "estack": "CypressError: Timed out retrying: Expected to find element: '#board-size', but never found it.\n    at cypressErr (http://localhost:33983/__cypress/runner/cypress_runner.js:149934:9)\n    at throwErr (http://localhost:33983/__cypress/runner/cypress_runner.js:149867:11)\n    at Object.throwErrByPath (http://localhost:33983/__cypress/runner/cypress_runner.js:149915:3)\n    at retry (http://localhost:33983/__cypress/runner/cypress_runner.js:144197:19)\n    at onFailFn (http://localhost:33983/__cypress/runner/cypress_runner.js:132448:16)\n    at tryCatcher (http://localhost:33983/__cypress/runner/cypress_runner.js:167415:23)\n    at Promise._settlePromiseFromHandler (http://localhost:33983/__cypress/runner/cypress_runner.js:165351:31)\n    at Promise._settlePromise (http://localhost:33983/__cypress/runner/cypress_runner.js:165408:18)\n    at Promise._settlePromise0 (http://localhost:33983/__cypress/runner/cypress_runner.js:165453:10)\n    at Promise._settlePromises (http://localhost:33983/__cypress/runner/cypress_runner.js:165528:18)\n    at Async../node_modules/bluebird/js/release/async.js.Async._drainQueue (http://localhost:33983/__cypress/runner/cypress_runner.js:162140:16)\n    at Async../node_modules/bluebird/js/release/async.js.Async._drainQueues (http://localhost:33983/__cypress/runner/cypress_runner.js:162150:10)\n    at Async.drainQueues (http://localhost:33983/__cypress/runner/cypress_runner.js:162024:14)",
                "diff": null
              },
              "uuid": "261f082c-1838-49ae-9974-ed345835b12f",
              "parentUUID": "8d75fcc6-646c-4152-9e48-9efeec499083",
              "isHook": false,
              "skipped": false
            },
            {
              "title": "Verifica se a altura do board é 5 quando um valor menor é colocado no input",
              "fullTitle": "11 - Limite o tamanho mínimo e máximo do board. Verifica se a altura do board é 5 quando um valor menor é colocado no input",
              "timedOut": null,
              "duration": 4440,
              "state": "failed",
              "speed": null,
              "pass": false,
              "fail": true,
              "pending": false,
              "context": null,
              "code": "cy.get('#board-size').clear().type(4);\ncy.get('#generate-board').click();\ncy.get('.pixel').should('have.length', 25);",
              "err": {
                "message": "CypressError: Timed out retrying: Expected to find element: '#board-size', but never found it.",
                "estack": "CypressError: Timed out retrying: Expected to find element: '#board-size', but never found it.\n    at cypressErr (http://localhost:33983/__cypress/runner/cypress_runner.js:149934:9)\n    at throwErr (http://localhost:33983/__cypress/runner/cypress_runner.js:149867:11)\n    at Object.throwErrByPath (http://localhost:33983/__cypress/runner/cypress_runner.js:149915:3)\n    at retry (http://localhost:33983/__cypress/runner/cypress_runner.js:144197:19)\n    at onFailFn (http://localhost:33983/__cypress/runner/cypress_runner.js:132448:16)\n    at tryCatcher (http://localhost:33983/__cypress/runner/cypress_runner.js:167415:23)\n    at Promise._settlePromiseFromHandler (http://localhost:33983/__cypress/runner/cypress_runner.js:165351:31)\n    at Promise._settlePromise (http://localhost:33983/__cypress/runner/cypress_runner.js:165408:18)\n    at Promise._settlePromise0 (http://localhost:33983/__cypress/runner/cypress_runner.js:165453:10)\n    at Promise._settlePromises (http://localhost:33983/__cypress/runner/cypress_runner.js:165528:18)\n    at Async../node_modules/bluebird/js/release/async.js.Async._drainQueue (http://localhost:33983/__cypress/runner/cypress_runner.js:162140:16)\n    at Async../node_modules/bluebird/js/release/async.js.Async._drainQueues (http://localhost:33983/__cypress/runner/cypress_runner.js:162150:10)\n    at Async.drainQueues (http://localhost:33983/__cypress/runner/cypress_runner.js:162024:14)",
                "diff": null
              },
              "uuid": "d4ca67c5-66d4-4214-9f7e-6aca3910634b",
              "parentUUID": "8d75fcc6-646c-4152-9e48-9efeec499083",
              "isHook": false,
              "skipped": false
            },
            {
              "title": "Verifica se a altura do board é 50 quando um valor maior é colocado no input",
              "fullTitle": "11 - Limite o tamanho mínimo e máximo do board. Verifica se a altura do board é 50 quando um valor maior é colocado no input",
              "timedOut": null,
              "duration": 4500,
              "state": "failed",
              "speed": null,
              "pass": false,
              "fail": true,
              "pending": false,
              "context": null,
              "code": "cy.get('#board-size').clear().type(51);\ncy.get('#generate-board').click();\ncy.get('.pixel').should('have.length', 2500);",
              "err": {
                "message": "CypressError: Timed out retrying: Expected to find element: '#board-size', but never found it.",
                "estack": "CypressError: Timed out retrying: Expected to find element: '#board-size', but never found it.\n    at cypressErr (http://localhost:33983/__cypress/runner/cypress_runner.js:149934:9)\n    at throwErr (http://localhost:33983/__cypress/runner/cypress_runner.js:149867:11)\n    at Object.throwErrByPath (http://localhost:33983/__cypress/runner/cypress_runner.js:149915:3)\n    at retry (http://localhost:33983/__cypress/runner/cypress_runner.js:144197:19)\n    at onFailFn (http://localhost:33983/__cypress/runner/cypress_runner.js:132448:16)\n    at tryCatcher (http://localhost:33983/__cypress/runner/cypress_runner.js:167415:23)\n    at Promise._settlePromiseFromHandler (http://localhost:33983/__cypress/runner/cypress_runner.js:165351:31)\n    at Promise._settlePromise (http://localhost:33983/__cypress/runner/cypress_runner.js:165408:18)\n    at Promise._settlePromise0 (http://localhost:33983/__cypress/runner/cypress_runner.js:165453:10)\n    at Promise._settlePromises (http://localhost:33983/__cypress/runner/cypress_runner.js:165528:18)\n    at Async../node_modules/bluebird/js/release/async.js.Async._drainQueue (http://localhost:33983/__cypress/runner/cypress_runner.js:162140:16)\n    at Async../node_modules/bluebird/js/release/async.js.Async._drainQueues (http://localhost:33983/__cypress/runner/cypress_runner.js:162150:10)\n    at Async.drainQueues (http://localhost:33983/__cypress/runner/cypress_runner.js:162024:14)",
                "diff": null
              },
              "uuid": "2169a300-3a71-4c0e-b51a-c738a24e63e5",
              "parentUUID": "8d75fcc6-646c-4152-9e48-9efeec499083",
              "isHook": false,
              "skipped": false
            }
          ],
          "suites": [],
          "passes": [],
          "failures": [
            "261f082c-1838-49ae-9974-ed345835b12f",
            "d4ca67c5-66d4-4214-9f7e-6aca3910634b",
            "2169a300-3a71-4c0e-b51a-c738a24e63e5"
          ],
          "pending": [],
          "skipped": [],
          "duration": 13401,
          "root": false,
          "rootEmpty": false,
          "_timeout": 2000
        },
        {
          "uuid": "505ace78-f70f-468d-b4b8-2bcc2442b86a",
          "title": "12 - Faça com que as cores da paleta sejam geradas aleatoriamente ao carregar a página.",
          "fullFile": "",
          "file": "",
          "beforeHooks": [],
          "afterHooks": [],
          "tests": [
            {
              "title": "Verifica se as cores geradas na paleta são diferentes a cada carregamento da página",
              "fullTitle": "12 - Faça com que as cores da paleta sejam geradas aleatoriamente ao carregar a página. Verifica se as cores geradas na paleta são diferentes a cada carregamento da página",
              "timedOut": null,
              "duration": 567,
              "state": "failed",
              "speed": null,
              "pass": false,
              "fail": true,
              "pending": false,
              "context": null,
              "code": "cy.get('.color').then(function (colors) {\n  var currentColors;\n  var previousColors;\n  previousColors = Array.from(colors).map(function (color) {\n    return Cypress.$(color).css('background-color');\n  });\n  for (var i = 0; i < 5; i += 1) {\n    cy.reload();\n    cy.get('.color').then(function (colors) {\n      currentColors = Array.from(colors).map(function (color) {\n        return Cypress.$(color).css('background-color');\n      });\n      expect(currentColors).not.to.deep.equal(previousColors);\n      previousColors = currentColors;\n    });\n  }\n});",
              "err": {
                "message": "AssertionError: expected [ Array(4) ] to not deeply equal [ Array(4) ]",
                "estack": "AssertionError: expected [ Array(4) ] to not deeply equal [ Array(4) ]\n    at getRet (http://localhost:33983/__cypress/runner/cypress_runner.js:136585:16)\n    at tryCatcher (http://localhost:33983/__cypress/runner/cypress_runner.js:167415:23)\n    at Function.Promise.attempt.Promise.try (http://localhost:33983/__cypress/runner/cypress_runner.js:164690:29)\n    at Context.thenFn (http://localhost:33983/__cypress/runner/cypress_runner.js:136599:23)\n    at Context.then (http://localhost:33983/__cypress/runner/cypress_runner.js:136971:21)\n    at Context.<anonymous> (http://localhost:33983/__cypress/runner/cypress_runner.js:148875:21)\n    at http://localhost:33983/__cypress/runner/cypress_runner.js:148351:33\n    at tryCatcher (http://localhost:33983/__cypress/runner/cypress_runner.js:167415:23)\n    at Promise._settlePromiseFromHandler (http://localhost:33983/__cypress/runner/cypress_runner.js:165351:31)\n    at Promise._settlePromise (http://localhost:33983/__cypress/runner/cypress_runner.js:165408:18)\n    at Promise._settlePromiseCtx (http://localhost:33983/__cypress/runner/cypress_runner.js:165445:10)\n    at Async../node_modules/bluebird/js/release/async.js.Async._drainQueue (http://localhost:33983/__cypress/runner/cypress_runner.js:162145:12)\n    at Async../node_modules/bluebird/js/release/async.js.Async._drainQueues (http://localhost:33983/__cypress/runner/cypress_runner.js:162150:10)\n    at Async.drainQueues (http://localhost:33983/__cypress/runner/cypress_runner.js:162024:14)",
                "diff": ""
              },
              "uuid": "673d4634-0f52-430b-8706-25f4c0bf78bd",
              "parentUUID": "505ace78-f70f-468d-b4b8-2bcc2442b86a",
              "isHook": false,
              "skipped": false
            },
            {
              "title": "Verifica se a cor preta ainda está presente e é a primeira na sua paleta de cores",
              "fullTitle": "12 - Faça com que as cores da paleta sejam geradas aleatoriamente ao carregar a página. Verifica se a cor preta ainda está presente e é a primeira na sua paleta de cores",
              "timedOut": null,
              "duration": 557,
              "state": "failed",
              "speed": null,
              "pass": false,
              "fail": true,
              "pending": false,
              "context": null,
              "code": "cy.get('.color').then(function (colors) {\n  var currentColors;\n  var previousColors;\n  previousColors = Array.from(colors).map(function (color) {\n    return Cypress.$(color).css('background-color');\n  });\n  expect(previousColors[0]).to.eq(BLACK);\n  for (var i = 0; i < 5; i += 1) {\n    cy.reload();\n    cy.get('.color').then(function (colors) {\n      currentColors = Array.from(colors).map(function (color) {\n        return Cypress.$(color).css('background-color');\n      });\n      expect(currentColors[0]).to.eq(BLACK);\n      expect(currentColors).not.to.deep.equal(previousColors);\n      previousColors = currentColors;\n    });\n  }\n});",
              "err": {
                "message": "AssertionError: expected [ Array(4) ] to not deeply equal [ Array(4) ]",
                "estack": "AssertionError: expected [ Array(4) ] to not deeply equal [ Array(4) ]\n    at getRet (http://localhost:33983/__cypress/runner/cypress_runner.js:136585:16)\n    at tryCatcher (http://localhost:33983/__cypress/runner/cypress_runner.js:167415:23)\n    at Function.Promise.attempt.Promise.try (http://localhost:33983/__cypress/runner/cypress_runner.js:164690:29)\n    at Context.thenFn (http://localhost:33983/__cypress/runner/cypress_runner.js:136599:23)\n    at Context.then (http://localhost:33983/__cypress/runner/cypress_runner.js:136971:21)\n    at Context.<anonymous> (http://localhost:33983/__cypress/runner/cypress_runner.js:148875:21)\n    at http://localhost:33983/__cypress/runner/cypress_runner.js:148351:33\n    at tryCatcher (http://localhost:33983/__cypress/runner/cypress_runner.js:167415:23)\n    at Promise._settlePromiseFromHandler (http://localhost:33983/__cypress/runner/cypress_runner.js:165351:31)\n    at Promise._settlePromise (http://localhost:33983/__cypress/runner/cypress_runner.js:165408:18)\n    at Promise._settlePromiseCtx (http://localhost:33983/__cypress/runner/cypress_runner.js:165445:10)\n    at Async../node_modules/bluebird/js/release/async.js.Async._drainQueue (http://localhost:33983/__cypress/runner/cypress_runner.js:162145:12)\n    at Async../node_modules/bluebird/js/release/async.js.Async._drainQueues (http://localhost:33983/__cypress/runner/cypress_runner.js:162150:10)\n    at Async.drainQueues (http://localhost:33983/__cypress/runner/cypress_runner.js:162024:14)",
                "diff": ""
              },
              "uuid": "de96b40b-affb-4aff-9790-e69d49d6e38c",
              "parentUUID": "505ace78-f70f-468d-b4b8-2bcc2442b86a",
              "isHook": false,
              "skipped": false
            }
          ],
          "suites": [],
          "passes": [],
          "failures": [
            "673d4634-0f52-430b-8706-25f4c0bf78bd",
            "de96b40b-affb-4aff-9790-e69d49d6e38c"
          ],
          "pending": [],
          "skipped": [],
          "duration": 1124,
          "root": false,
          "rootEmpty": false,
          "_timeout": 2000
        }
      ],
      "passes": [],
      "failures": [],
      "pending": [],
      "skipped": [],
      "duration": 0,
      "root": true,
      "rootEmpty": true,
      "_timeout": 2000
    }
  ],
  "meta": {
    "mocha": {
      "version": "7.0.1"
    },
    "mochawesome": {
      "options": {
        "quiet": false,
        "reportFilename": "mochawesome",
        "saveHtml": false,
        "saveJson": true,
        "consoleReporter": "spec",
        "useInlineDiffs": false
      },
      "version": "4.1.0"
    },
    "marge": {
      "options": {
        "id": "default",
        "reportDir": "cypress/reports",
        "overwrite": true,
        "html": false,
        "json": true
      },
      "version": "4.1.0"
    }
  }
}